C51 COMPILER V9.54   KEY                                                                   03/30/2026 13:02:17 PAGE 1   


C51 COMPILER V9.54, COMPILATION OF MODULE KEY
OBJECT MODULE PLACED IN .\Objects\Key.obj
COMPILER INVOKED BY: D:\keil5.37\Core\C51\BIN\C51.EXE fun\Key.c OPTIMIZE(8,SPEED) BROWSE DEBUG OBJECTEXTEND PRINT(.\List
                    -ings\Key.lst) TABS(2) OBJECT(.\Objects\Key.obj)

line level    source

   1          #include "Key.h"
   2          
   3          void Delay_ms(unsigned int m)   //@11.0592MHz
   4          {
   5   1        unsigned char i, j;
   6   1        while(m)
   7   1        {
   8   2        _nop_();
   9   2        i = 2;
  10   2        j = 199;
  11   2        do
  12   2        {
  13   3          while (--j);
  14   3        } while (--i);
  15   2        m--;
  16   2        }   
  17   1      }
  18          
  19          void Delay500us()   //@11.0592MHz
  20          {
  21   1        unsigned char i, j;
  22   1      
  23   1        _nop_();
  24   1        _nop_();
  25   1        i = 6;
  26   1        j = 93;
  27   1        do
  28   1        {
  29   2          while (--j);
  30   2        } while (--i);
  31   1      }
  32          
  33          
  34          
  35          unsigned char Key_Get(void)
  36          {
  37   1        unsigned char Keynum=0;
  38   1        if(P3_0==0){Delay_ms(20);while(P3_0==0){Delay_ms(20);Keynum=1;}}
  39   1        if(P3_1==0){Delay_ms(20);while(P3_1==0){Delay_ms(20);Keynum=2;}}
  40   1        if(P3_2==0){Delay_ms(20);while(P3_2==0){Delay_ms(20);Keynum=3;}}
  41   1        if(P3_3==0){Delay_ms(20);while(P3_3==0){Delay_ms(20);Keynum=4;}}
  42   1        return Keynum;
  43   1      }
  44          
  45          
  46          void Timer0_Init(void)
  47          {
  48   1        
  49   1        TMOD &= 0xF0;   //设置定时器模式
  50   1        TMOD |= 0x01;   //设置定时器模式
  51   1        TL0 = 0x66;   //设置定时初值
  52   1        TH0 = 0xFC;   //设置定时初值
  53   1        TF0 = 0;    //清除TF0标志
  54   1        TR0 = 1;    //定时器0开始计时
C51 COMPILER V9.54   KEY                                                                   03/30/2026 13:02:17 PAGE 2   

  55   1        ET0=1;//允许中断
  56   1        EA=1;//全局中断
  57   1        PT0=0;//优先级，0表示低优先级
  58   1      //  TMOD=0x01;//选择模式，不可以同时设置两个定时器
  59   1      //  TMOD=TMOD&0xF0;//清低四位为0，保存高四位
  60   1      //  TMOD=TMOD|0x01;
  61   1      //  TF0=0;//中断进入开关（0表示未进入）
  62   1      //  TR0=1;//启动定时器
  63   1      //  TH0=(65535-921)/256;
  64   1      //  TL0=(65535-921)%256;//TH0和TL0是用来设置计时周期的（重装载值）
  65   1      //  ET0=1;//允许中断
  66   1      //  EA=1;//全局中断
  67   1      //  PT0=0;//优先级，0表示低优先级
  68   1      }
  69          
  70          unsigned char NixieTable[]={0x3F,0x06,0x5B,0x4F,0x66,0x6D,0x7D,0x07,0x7F,0x6F};
  71          void Delay_ms(unsigned int m);
  72          void Nixie(unsigned char Location,unsigned char Numer)
  73          {
  74   1        
  75   1        switch(Location)
  76   1        {
  77   2          case 1:P2_4=1;P2_3=1;P2_2=1;break;  
  78   2          case 2:P2_4=1;P2_3=1;P2_2=0;break;  
  79   2          case 3:P2_4=1;P2_3=0;P2_2=1;break;
  80   2          case 4:P2_4=1;P2_3=0;P2_2=0;break;
  81   2          case 5:P2_4=0;P2_3=1;P2_2=0;break;
  82   2          case 6:P2_4=0;P2_3=0;P2_2=1;break;
  83   2          case 7:P2_4=0;P2_3=0;P2_2=0;break;    
  84   2        }
  85   1        P0=NixieTable[Numer];
  86   1      //  Delay_ms(1);
  87   1      //  P0=0x00;
  88   1      }
  89          
  90          //void Buzzer_Time(unsigned int ms)
  91          //{
  92          //   unsigned int i;
  93          //    for(i=0;i<ms*2;i++)
  94          //   {
  95          //     Buzzer=!Buzzer;
  96          //     Delay500us();
  97          //    }
  98          //}
  99          
 100          
 101          
 102          
 103          
 104          
 105          
 106          
 107          
 108          


MODULE INFORMATION:   STATIC OVERLAYABLE
   CODE SIZE        =    223    ----
   CONSTANT SIZE    =   ----    ----
   XDATA SIZE       =   ----    ----
   PDATA SIZE       =   ----    ----
   DATA SIZE        =     10    ----
C51 COMPILER V9.54   KEY                                                                   03/30/2026 13:02:17 PAGE 3   

   IDATA SIZE       =   ----    ----
   BIT SIZE         =   ----    ----
END OF MODULE INFORMATION.


C51 COMPILATION COMPLETE.  0 WARNING(S),  0 ERROR(S)
